<?xml version="1.0" encoding="UTF-8"?>
<testsuite name="SimpleBankSystemTest" tests="1" skipped="0" failures="0" errors="0" timestamp="2021-08-11T15:37:38" hostname="LENOVO-PC" time="1.066">
  <properties/>
  <testcase name="start" classname="SimpleBankSystemTest" time="1.066"/>
  <system-out><![CDATA[?[1;31m
Start test 1?[0m
1. Create an account
2. Log into account
0. Exit
> 0

Bye!
?[1;31m
Start test 2?[0m
1. Create an account
2. Log into account
0. Exit
> 0

Bye!
?[1;31m
Start test 3?[0m
1. Create an account
2. Log into account
0. Exit
> 0

Bye!
?[1;31m
Start test 4?[0m
1. Create an account
2. Log into account
0. Exit
> 0

Bye!
?[1;31m
Start test 5?[0m
1. Create an account
2. Log into account
0. Exit
> 1

Your card has been created
Your card number:
4000006705699527
Your card PIN:
6639

1. Create an account
2. Log into account
0. Exit
> 1

Your card has been created
Your card number:
4000002972495210
Your card PIN:
6172

1. Create an account
2. Log into account
0. Exit
> 1

Your card has been created
Your card number:
4000001266090083
Your card PIN:
3986

1. Create an account
2. Log into account
0. Exit
> 1

Your card has been created
Your card number:
4000005038431012
Your card PIN:
6952

1. Create an account
2. Log into account
0. Exit
> 1

Your card has been created
Your card number:
4000006867494246
Your card PIN:
8528

1. Create an account
2. Log into account
0. Exit
> 0

Bye!
4000006705699527
4000002972495210
4000001266090083
4000005038431012
4000006867494246
?[1;31m
Start test 6?[0m
1. Create an account
2. Log into account
0. Exit
> 1

Your card has been created
Your card number:
4000006669215880
Your card PIN:
5930

1. Create an account
2. Log into account
0. Exit
> 2

Enter your card number:
> 4000006669215880
Enter your PIN:
> 5930
You have successfully logged in!
1. Balance
2. Add income
3. Do transfer
4. Close account
5. Log out
0. Exit
> 0
Bye!
?[1;31m
Start test 7?[0m
1. Create an account
2. Log into account
0. Exit
> 1

Your card has been created
Your card number:
4000001667929491
Your card PIN:
3744

1. Create an account
2. Log into account
0. Exit
> 2

Enter your card number:
> 4000001667929491
Enter your PIN:
> 2483
Wrong card number or PIN
1. Create an account
2. Log into account
0. Exit
> 0

Bye!
?[1;31m
Start test 8?[0m
1. Create an account
2. Log into account
0. Exit
> 1

Your card has been created
Your card number:
4000006555445047
Your card PIN:
6748

1. Create an account
2. Log into account
0. Exit
> 2

Enter your card number:
> 400000615411016
Enter your PIN:
> 6748
Wrong card number or PIN
1. Create an account
2. Log into account
0. Exit
> 0

Bye!
?[1;31m
Start test 9?[0m
1. Create an account
2. Log into account
0. Exit
> 1

Your card has been created
Your card number:
4000000103200186
Your card PIN:
9856

1. Create an account
2. Log into account
0. Exit
> 2

Enter your card number:
> 4000000103200186
Enter your PIN:
> 9856
You have successfully logged in!
1. Balance
2. Add income
3. Do transfer
4. Close account
5. Log out
0. Exit
> 1
Balance: 0
1. Balance
2. Add income
3. Do transfer
4. Close account
5. Log out
0. Exit
> 0
Bye!
?[1;31m
Start test 10?[0m
1. Create an account
2. Log into account
0. Exit
> 1

Your card has been created
Your card number:
4000002774994923
Your card PIN:
7160

1. Create an account
2. Log into account
0. Exit
> 2

Enter your card number:
> 4000002774994923
Enter your PIN:
> 7160
You have successfully logged in!
1. Balance
2. Add income
3. Do transfer
4. Close account
5. Log out
0. Exit
> 2
Enter income: 
> 10000
Income was added!
1. Balance
2. Add income
3. Do transfer
4. Close account
5. Log out
0. Exit
> 0
Bye!
1. Create an account
2. Log into account
0. Exit
> 2

Enter your card number:
> 4000002774994923
Enter your PIN:
> 7160
You have successfully logged in!
1. Balance
2. Add income
3. Do transfer
4. Close account
5. Log out
0. Exit
> 2
Enter income: 
> 15000
Income was added!
1. Balance
2. Add income
3. Do transfer
4. Close account
5. Log out
0. Exit
> 0
Bye!
?[1;31m
Start test 11?[0m
1. Create an account
2. Log into account
0. Exit
> 1

Your card has been created
Your card number:
4000001181677055
Your card PIN:
7956

1. Create an account
2. Log into account
0. Exit
> 1

Your card has been created
Your card number:
4000003010307169
Your card PIN:
4852

1. Create an account
2. Log into account
0. Exit
> 2

Enter your card number:
> 4000003010307169
Enter your PIN:
> 4852
You have successfully logged in!
1. Balance
2. Add income
3. Do transfer
4. Close account
5. Log out
0. Exit
> 3
Enter card number: 
> 2000007269641764
Probably you made a mistake in the card number. Please try again!
1. Balance
2. Add income
3. Do transfer
4. Close account
5. Log out
0. Exit
> 3
Enter card number: 
> 2000007269641768
Such a card does not exist.
1. Balance
2. Add income
3. Do transfer
4. Close account
5. Log out
0. Exit
> 3
Enter card number: 
> 4000001181677055
Enter how much money you want to transfer:
> 100000
Not enough money!
1. Balance
2. Add income
3. Do transfer
4. Close account
5. Log out
0. Exit
> 2
Enter income: 
> 20000
Income was added!
1. Balance
2. Add income
3. Do transfer
4. Close account
5. Log out
0. Exit
> 3
Enter card number: 
> 4000001181677055
Enter how much money you want to transfer:
> 10000
Success!
1. Balance
2. Add income
3. Do transfer
4. Close account
5. Log out
0. Exit
> 0
Bye!
?[1;31m
Start test 12?[0m
1. Create an account
2. Log into account
0. Exit
> 1

Your card has been created
Your card number:
4000003431408182
Your card PIN:
6266

1. Create an account
2. Log into account
0. Exit
> 2

Enter your card number:
> 4000003431408182
Enter your PIN:
> 6266
You have successfully logged in!
1. Balance
2. Add income
3. Do transfer
4. Close account
5. Log out
0. Exit
> 4
The account has been closed!
1. Balance
2. Add income
3. Do transfer
4. Close account
5. Log out
0. Exit
> 0
Bye!
]]></system-out>
  <system-err><![CDATA[]]></system-err>
</testsuite>
